<?xml version="1.0" encoding="UTF-8"?>
<coverage generated="1662165566183" clover="3.2.0">
  <project timestamp="1662165566183" name="All files">
    <metrics statements="63" coveredstatements="33" conditionals="10" coveredconditionals="1" methods="20" coveredmethods="9" elements="93" coveredelements="43" complexity="0" loc="63" ncloc="63" packages="1" files="3" classes="3"/>
    <file name="crud.js" path="C:\Github\Microverse\Module 2\My-ToDo-List\todo-list\src\modules\crud.js">
      <metrics statements="36" coveredstatements="24" conditionals="4" coveredconditionals="1" methods="11" coveredmethods="7"/>
      <line num="6" count="1" type="stmt"/>
      <line num="12" count="6" type="stmt"/>
      <line num="13" count="6" type="stmt"/>
      <line num="14" count="6" type="stmt"/>
      <line num="15" count="6" type="stmt"/>
      <line num="17" count="6" type="stmt"/>
      <line num="26" count="6" type="stmt"/>
      <line num="29" count="6" type="stmt"/>
      <line num="31" count="6" type="cond" truecount="1" falsecount="1"/>
      <line num="34" count="6" type="stmt"/>
      <line num="39" count="1" type="stmt"/>
      <line num="41" count="5" type="stmt"/>
      <line num="42" count="5" type="stmt"/>
      <line num="46" count="1" type="stmt"/>
      <line num="47" count="5" type="stmt"/>
      <line num="52" count="6" type="stmt"/>
      <line num="55" count="6" type="stmt"/>
      <line num="58" count="6" type="stmt"/>
      <line num="61" count="6" type="stmt"/>
      <line num="66" count="1" type="stmt"/>
      <line num="69" count="1" type="stmt"/>
      <line num="71" count="1" type="stmt"/>
      <line num="73" count="1" type="stmt"/>
      <line num="75" count="1" type="stmt"/>
      <line num="80" count="0" type="stmt"/>
      <line num="82" count="0" type="stmt"/>
      <line num="84" count="0" type="stmt"/>
      <line num="87" count="0" type="stmt"/>
      <line num="89" count="0" type="stmt"/>
      <line num="91" count="0" type="stmt"/>
      <line num="96" count="0" type="stmt"/>
      <line num="98" count="0" type="stmt"/>
      <line num="99" count="0" type="cond" truecount="0" falsecount="2"/>
      <line num="100" count="0" type="stmt"/>
      <line num="105" count="0" type="stmt"/>
      <line num="107" count="0" type="stmt"/>
    </file>
    <file name="task.js" path="C:\Github\Microverse\Module 2\My-ToDo-List\todo-list\src\modules\task.js">
      <metrics statements="3" coveredstatements="3" conditionals="0" coveredconditionals="0" methods="1" coveredmethods="1"/>
      <line num="3" count="6" type="stmt"/>
      <line num="4" count="6" type="stmt"/>
      <line num="5" count="6" type="stmt"/>
    </file>
    <file name="utils.js" path="C:\Github\Microverse\Module 2\My-ToDo-List\todo-list\src\modules\utils.js">
      <metrics statements="24" coveredstatements="6" conditionals="6" coveredconditionals="0" methods="8" coveredmethods="1"/>
      <line num="2" count="6" type="stmt"/>
      <line num="4" count="0" type="cond" truecount="0" falsecount="2"/>
      <line num="6" count="0" type="stmt"/>
      <line num="10" count="6" type="stmt"/>
      <line num="12" count="0" type="stmt"/>
      <line num="13" count="0" type="stmt"/>
      <line num="14" count="0" type="stmt"/>
      <line num="15" count="0" type="stmt"/>
      <line num="18" count="6" type="stmt"/>
      <line num="19" count="0" type="stmt"/>
      <line num="20" count="0" type="stmt"/>
      <line num="21" count="0" type="stmt"/>
      <line num="22" count="0" type="stmt"/>
      <line num="23" count="0" type="stmt"/>
      <line num="27" count="0" type="cond" truecount="0" falsecount="2"/>
      <line num="28" count="0" type="stmt"/>
      <line num="31" count="0" type="stmt"/>
      <line num="35" count="6" type="stmt"/>
      <line num="41" count="0" type="cond" truecount="0" falsecount="2"/>
      <line num="42" count="0" type="stmt"/>
      <line num="46" count="6" type="stmt"/>
      <line num="47" count="0" type="stmt"/>
      <line num="51" count="6" type="stmt"/>
      <line num="52" count="0" type="stmt"/>
    </file>
  </project>
</coverage>
