{"C:\\Github\\Microverse\\Module 2\\My-ToDo-List\\todo-list\\src\\modules\\crud.js": {"path":"C:\\Github\\Microverse\\Module 2\\My-ToDo-List\\todo-list\\src\\modules\\crud.js","statementMap":{"0":{"start":{"line":6,"column":4},"end":{"line":6,"column":23}},"1":{"start":{"line":12,"column":22},"end":{"line":12,"column":50}},"2":{"start":{"line":13,"column":4},"end":{"line":13,"column":46}},"3":{"start":{"line":14,"column":4},"end":{"line":14,"column":48}},"4":{"start":{"line":15,"column":4},"end":{"line":15,"column":48}},"5":{"start":{"line":17,"column":4},"end":{"line":23,"column":10}},"6":{"start":{"line":26,"column":4},"end":{"line":26,"column":39}},"7":{"start":{"line":29,"column":4},"end":{"line":29,"column":76}},"8":{"start":{"line":31,"column":4},"end":{"line":31,"column":78}},"9":{"start":{"line":34,"column":4},"end":{"line":34,"column":69}},"10":{"start":{"line":39,"column":4},"end":{"line":43,"column":9}},"11":{"start":{"line":41,"column":8},"end":{"line":41,"column":46}},"12":{"start":{"line":42,"column":8},"end":{"line":42,"column":80}},"13":{"start":{"line":46,"column":4},"end":{"line":48,"column":7}},"14":{"start":{"line":47,"column":6},"end":{"line":47,"column":29}},"15":{"start":{"line":52,"column":17},"end":{"line":52,"column":64}},"16":{"start":{"line":55,"column":4},"end":{"line":55,"column":29}},"17":{"start":{"line":58,"column":4},"end":{"line":58,"column":69}},"18":{"start":{"line":61,"column":4},"end":{"line":61,"column":26}},"19":{"start":{"line":66,"column":22},"end":{"line":66,"column":41}},"20":{"start":{"line":69,"column":4},"end":{"line":69,"column":39}},"21":{"start":{"line":71,"column":4},"end":{"line":71,"column":23}},"22":{"start":{"line":73,"column":4},"end":{"line":73,"column":25}},"23":{"start":{"line":75,"column":4},"end":{"line":75,"column":69}},"24":{"start":{"line":80,"column":21},"end":{"line":80,"column":71}},"25":{"start":{"line":82,"column":21},"end":{"line":82,"column":75}},"26":{"start":{"line":84,"column":22},"end":{"line":84,"column":41}},"27":{"start":{"line":87,"column":4},"end":{"line":87,"column":52}},"28":{"start":{"line":89,"column":4},"end":{"line":89,"column":50}},"29":{"start":{"line":91,"column":4},"end":{"line":91,"column":69}},"30":{"start":{"line":96,"column":4},"end":{"line":96,"column":68}},"31":{"start":{"line":96,"column":51},"end":{"line":96,"column":66}},"32":{"start":{"line":98,"column":4},"end":{"line":102,"column":7}},"33":{"start":{"line":99,"column":6},"end":{"line":101,"column":7}},"34":{"start":{"line":100,"column":8},"end":{"line":100,"column":22}},"35":{"start":{"line":105,"column":4},"end":{"line":105,"column":25}},"36":{"start":{"line":107,"column":4},"end":{"line":107,"column":69}}},"fnMap":{"0":{"name":"(anonymous_0)","decl":{"start":{"line":5,"column":2},"end":{"line":5,"column":3}},"loc":{"start":{"line":5,"column":16},"end":{"line":7,"column":3}},"line":5},"1":{"name":"(anonymous_1)","decl":{"start":{"line":9,"column":2},"end":{"line":9,"column":3}},"loc":{"start":{"line":9,"column":19},"end":{"line":35,"column":3}},"line":9},"2":{"name":"(anonymous_2)","decl":{"start":{"line":37,"column":2},"end":{"line":37,"column":3}},"loc":{"start":{"line":37,"column":18},"end":{"line":49,"column":3}},"line":37},"3":{"name":"(anonymous_3)","decl":{"start":{"line":40,"column":15},"end":{"line":40,"column":16}},"loc":{"start":{"line":40,"column":32},"end":{"line":43,"column":7}},"line":40},"4":{"name":"(anonymous_4)","decl":{"start":{"line":46,"column":26},"end":{"line":46,"column":27}},"loc":{"start":{"line":46,"column":43},"end":{"line":48,"column":5}},"line":46},"5":{"name":"(anonymous_5)","decl":{"start":{"line":51,"column":2},"end":{"line":51,"column":3}},"loc":{"start":{"line":51,"column":23},"end":{"line":62,"column":3}},"line":51},"6":{"name":"(anonymous_6)","decl":{"start":{"line":64,"column":2},"end":{"line":64,"column":3}},"loc":{"start":{"line":64,"column":24},"end":{"line":76,"column":3}},"line":64},"7":{"name":"(anonymous_7)","decl":{"start":{"line":78,"column":2},"end":{"line":78,"column":3}},"loc":{"start":{"line":78,"column":24},"end":{"line":92,"column":3}},"line":78},"8":{"name":"(anonymous_8)","decl":{"start":{"line":94,"column":2},"end":{"line":94,"column":3}},"loc":{"start":{"line":94,"column":22},"end":{"line":108,"column":3}},"line":94},"9":{"name":"(anonymous_9)","decl":{"start":{"line":96,"column":41},"end":{"line":96,"column":42}},"loc":{"start":{"line":96,"column":51},"end":{"line":96,"column":66}},"line":96},"10":{"name":"(anonymous_10)","decl":{"start":{"line":98,"column":57},"end":{"line":98,"column":58}},"loc":{"start":{"line":98,"column":67},"end":{"line":102,"column":5}},"line":98}},"branchMap":{"0":{"loc":{"start":{"line":31,"column":37},"end":{"line":31,"column":77}},"type":"cond-expr","locations":[{"start":{"line":31,"column":54},"end":{"line":31,"column":68}},{"start":{"line":31,"column":71},"end":{"line":31,"column":77}}],"line":31},"1":{"loc":{"start":{"line":99,"column":6},"end":{"line":101,"column":7}},"type":"if","locations":[{"start":{"line":99,"column":6},"end":{"line":101,"column":7}},{"start":{},"end":{}}],"line":99}},"s":{"0":1,"1":6,"2":6,"3":6,"4":6,"5":6,"6":6,"7":6,"8":6,"9":6,"10":1,"11":5,"12":5,"13":1,"14":5,"15":6,"16":6,"17":6,"18":6,"19":1,"20":1,"21":1,"22":1,"23":1,"24":0,"25":0,"26":0,"27":0,"28":0,"29":0,"30":0,"31":0,"32":0,"33":0,"34":0,"35":0,"36":0},"f":{"0":1,"1":6,"2":1,"3":5,"4":5,"5":6,"6":1,"7":0,"8":0,"9":0,"10":0},"b":{"0":[0,6],"1":[0,0]},"_coverageSchema":"1a1c01bbd47fc00a2c39e90264f33305004495a9","hash":"6405929fa7359ba36f47345102e0eee6bc75c2ec"}
,"C:\\Github\\Microverse\\Module 2\\My-ToDo-List\\todo-list\\src\\modules\\task.js": {"path":"C:\\Github\\Microverse\\Module 2\\My-ToDo-List\\todo-list\\src\\modules\\task.js","statementMap":{"0":{"start":{"line":3,"column":4},"end":{"line":3,"column":23}},"1":{"start":{"line":4,"column":4},"end":{"line":4,"column":35}},"2":{"start":{"line":5,"column":4},"end":{"line":5,"column":27}}},"fnMap":{"0":{"name":"(anonymous_0)","decl":{"start":{"line":2,"column":2},"end":{"line":2,"column":3}},"loc":{"start":{"line":2,"column":34},"end":{"line":6,"column":3}},"line":2}},"branchMap":{},"s":{"0":6,"1":6,"2":6},"f":{"0":6},"b":{},"_coverageSchema":"1a1c01bbd47fc00a2c39e90264f33305004495a9","hash":"8b9bd04ca27ca1fb1ba9fa933ca587658ef544b8"}
,"C:\\Github\\Microverse\\Module 2\\My-ToDo-List\\todo-list\\src\\modules\\utils.js": {"path":"C:\\Github\\Microverse\\Module 2\\My-ToDo-List\\todo-list\\src\\modules\\utils.js","statementMap":{"0":{"start":{"line":2,"column":2},"end":{"line":8,"column":5}},"1":{"start":{"line":4,"column":4},"end":{"line":4,"column":76}},"2":{"start":{"line":6,"column":4},"end":{"line":6,"column":34}},"3":{"start":{"line":10,"column":2},"end":{"line":16,"column":5}},"4":{"start":{"line":12,"column":4},"end":{"line":12,"column":48}},"5":{"start":{"line":13,"column":4},"end":{"line":13,"column":31}},"6":{"start":{"line":14,"column":4},"end":{"line":14,"column":65}},"7":{"start":{"line":15,"column":4},"end":{"line":15,"column":67}},"8":{"start":{"line":18,"column":2},"end":{"line":33,"column":5}},"9":{"start":{"line":19,"column":4},"end":{"line":19,"column":52}},"10":{"start":{"line":20,"column":4},"end":{"line":20,"column":34}},"11":{"start":{"line":21,"column":4},"end":{"line":24,"column":12}},"12":{"start":{"line":22,"column":6},"end":{"line":22,"column":68}},"13":{"start":{"line":23,"column":6},"end":{"line":23,"column":68}},"14":{"start":{"line":27,"column":4},"end":{"line":32,"column":5}},"15":{"start":{"line":28,"column":6},"end":{"line":28,"column":36}},"16":{"start":{"line":31,"column":6},"end":{"line":31,"column":36}},"17":{"start":{"line":35,"column":2},"end":{"line":44,"column":5}},"18":{"start":{"line":41,"column":4},"end":{"line":43,"column":5}},"19":{"start":{"line":42,"column":6},"end":{"line":42,"column":22}},"20":{"start":{"line":46,"column":2},"end":{"line":49,"column":5}},"21":{"start":{"line":47,"column":4},"end":{"line":47,"column":34}},"22":{"start":{"line":51,"column":2},"end":{"line":53,"column":5}},"23":{"start":{"line":52,"column":4},"end":{"line":52,"column":49}}},"fnMap":{"0":{"name":"addEventListeners","decl":{"start":{"line":1,"column":24},"end":{"line":1,"column":41}},"loc":{"start":{"line":1,"column":62},"end":{"line":54,"column":1}},"line":1},"1":{"name":"(anonymous_1)","decl":{"start":{"line":2,"column":76},"end":{"line":2,"column":77}},"loc":{"start":{"line":2,"column":88},"end":{"line":8,"column":3}},"line":2},"2":{"name":"(anonymous_2)","decl":{"start":{"line":10,"column":73},"end":{"line":10,"column":74}},"loc":{"start":{"line":10,"column":85},"end":{"line":16,"column":3}},"line":10},"3":{"name":"(anonymous_3)","decl":{"start":{"line":18,"column":76},"end":{"line":18,"column":77}},"loc":{"start":{"line":18,"column":88},"end":{"line":33,"column":3}},"line":18},"4":{"name":"(anonymous_4)","decl":{"start":{"line":21,"column":15},"end":{"line":21,"column":16}},"loc":{"start":{"line":21,"column":21},"end":{"line":24,"column":5}},"line":21},"5":{"name":"(anonymous_5)","decl":{"start":{"line":35,"column":75},"end":{"line":35,"column":76}},"loc":{"start":{"line":35,"column":82},"end":{"line":44,"column":3}},"line":35},"6":{"name":"(anonymous_6)","decl":{"start":{"line":46,"column":67},"end":{"line":46,"column":68}},"loc":{"start":{"line":46,"column":73},"end":{"line":49,"column":3}},"line":46},"7":{"name":"(anonymous_7)","decl":{"start":{"line":51,"column":66},"end":{"line":51,"column":67}},"loc":{"start":{"line":51,"column":72},"end":{"line":53,"column":3}},"line":51}},"branchMap":{"0":{"loc":{"start":{"line":4,"column":37},"end":{"line":4,"column":75}},"type":"cond-expr","locations":[{"start":{"line":4,"column":52},"end":{"line":4,"column":66}},{"start":{"line":4,"column":69},"end":{"line":4,"column":75}}],"line":4},"1":{"loc":{"start":{"line":27,"column":4},"end":{"line":32,"column":5}},"type":"if","locations":[{"start":{"line":27,"column":4},"end":{"line":32,"column":5}},{"start":{"line":29,"column":11},"end":{"line":32,"column":5}}],"line":27},"2":{"loc":{"start":{"line":41,"column":4},"end":{"line":43,"column":5}},"type":"if","locations":[{"start":{"line":41,"column":4},"end":{"line":43,"column":5}},{"start":{},"end":{}}],"line":41}},"s":{"0":6,"1":0,"2":0,"3":6,"4":0,"5":0,"6":0,"7":0,"8":6,"9":0,"10":0,"11":0,"12":0,"13":0,"14":0,"15":0,"16":0,"17":6,"18":0,"19":0,"20":6,"21":0,"22":6,"23":0},"f":{"0":6,"1":0,"2":0,"3":0,"4":0,"5":0,"6":0,"7":0},"b":{"0":[0,0],"1":[0,0],"2":[0,0]},"_coverageSchema":"1a1c01bbd47fc00a2c39e90264f33305004495a9","hash":"2a97ceef993efcbaef5e1fadf157bf3b42ed868f"}
}
