TN:
SF:src\modules\crud.js
FN:5,(anonymous_0)
FN:9,(anonymous_1)
FN:37,(anonymous_2)
FN:40,(anonymous_3)
FN:46,(anonymous_4)
FN:51,(anonymous_5)
FN:64,(anonymous_6)
FN:78,(anonymous_7)
FN:94,(anonymous_8)
FN:96,(anonymous_9)
FN:98,(anonymous_10)
FNF:11
FNH:7
FNDA:1,(anonymous_0)
FNDA:6,(anonymous_1)
FNDA:1,(anonymous_2)
FNDA:5,(anonymous_3)
FNDA:5,(anonymous_4)
FNDA:6,(anonymous_5)
FNDA:1,(anonymous_6)
FNDA:0,(anonymous_7)
FNDA:0,(anonymous_8)
FNDA:0,(anonymous_9)
FNDA:0,(anonymous_10)
DA:6,1
DA:12,6
DA:13,6
DA:14,6
DA:15,6
DA:17,6
DA:26,6
DA:29,6
DA:31,6
DA:34,6
DA:39,1
DA:41,5
DA:42,5
DA:46,1
DA:47,5
DA:52,6
DA:55,6
DA:58,6
DA:61,6
DA:66,1
DA:69,1
DA:71,1
DA:73,1
DA:75,1
DA:80,0
DA:82,0
DA:84,0
DA:87,0
DA:89,0
DA:91,0
DA:96,0
DA:98,0
DA:99,0
DA:100,0
DA:105,0
DA:107,0
LF:36
LH:24
BRDA:31,0,0,0
BRDA:31,0,1,6
BRDA:99,1,0,0
BRDA:99,1,1,0
BRF:4
BRH:1
end_of_record
TN:
SF:src\modules\task.js
FN:2,(anonymous_0)
FNF:1
FNH:1
FNDA:6,(anonymous_0)
DA:3,6
DA:4,6
DA:5,6
LF:3
LH:3
BRF:0
BRH:0
end_of_record
TN:
SF:src\modules\utils.js
FN:1,addEventListeners
FN:2,(anonymous_1)
FN:10,(anonymous_2)
FN:18,(anonymous_3)
FN:21,(anonymous_4)
FN:35,(anonymous_5)
FN:46,(anonymous_6)
FN:51,(anonymous_7)
FNF:8
FNH:1
FNDA:6,addEventListeners
FNDA:0,(anonymous_1)
FNDA:0,(anonymous_2)
FNDA:0,(anonymous_3)
FNDA:0,(anonymous_4)
FNDA:0,(anonymous_5)
FNDA:0,(anonymous_6)
FNDA:0,(anonymous_7)
DA:2,6
DA:4,0
DA:6,0
DA:10,6
DA:12,0
DA:13,0
DA:14,0
DA:15,0
DA:18,6
DA:19,0
DA:20,0
DA:21,0
DA:22,0
DA:23,0
DA:27,0
DA:28,0
DA:31,0
DA:35,6
DA:41,0
DA:42,0
DA:46,6
DA:47,0
DA:51,6
DA:52,0
LF:24
LH:6
BRDA:4,0,0,0
BRDA:4,0,1,0
BRDA:27,1,0,0
BRDA:27,1,1,0
BRDA:41,2,0,0
BRDA:41,2,1,0
BRF:6
BRH:0
end_of_record
